<?xml version="1.0" encoding="UTF-8"?>
<testsuite name="rspec" tests="20" skipped="0" failures="0" errors="0" time="0.030812" timestamp="2020-01-09T15:38:32-03:00" hostname="DESKTOP-J94RDH7">
<properties>
<property name="seed" value="51072"/>
</properties>
<testcase classname="spec.avengers_spec" name="AvengersHeadQuarter deve adicionar um vingador" file="./spec/avengers_spec.rb" time="0.003309"></testcase>
<testcase classname="spec.avengers_spec" name="AvengersHeadQuarter deve adicionar uma lista de vingadores" file="./spec/avengers_spec.rb" time="0.007570"></testcase>
<testcase classname="spec.avengers_spec" name="AvengersHeadQuarter Thor deve ser o primeiro da lista" file="./spec/avengers_spec.rb" time="0.005811"></testcase>
<testcase classname="spec.avengers_spec" name="AvengersHeadQuarter Iroman deve ser o ultima da lista" file="./spec/avengers_spec.rb" time="0.002615"></testcase>
<testcase classname="spec.avengers_spec" name="AvengersHeadQuarter deve conter o sobrenome" file="./spec/avengers_spec.rb" time="0.002313"></testcase>
<testcase classname="spec.bank.saque_cc_spec" name="ContaCorrente Saque quando o valor é positivo então atualiza saldo" file="./spec/bank/saque_cc_spec.rb" time="0.000092"></testcase>
<testcase classname="spec.bank.saque_cc_spec" name="ContaCorrente Saque quando o saldo é zero vejo mensagem" file="./spec/bank/saque_cc_spec.rb" time="0.000068"></testcase>
<testcase classname="spec.bank.saque_cc_spec" name="ContaCorrente Saque quando o saldo é zero meu saldo permanece" file="./spec/bank/saque_cc_spec.rb" time="0.000054"></testcase>
<testcase classname="spec.bank.saque_cc_spec" name="ContaCorrente Saque quando o saldo é insuficiente vejo mensagem" file="./spec/bank/saque_cc_spec.rb" time="0.000053"></testcase>
<testcase classname="spec.bank.saque_cc_spec" name="ContaCorrente Saque quando o saldo é insuficiente meu saldo permanece conforme o valor inicial" file="./spec/bank/saque_cc_spec.rb" time="0.000048"></testcase>
<testcase classname="spec.bank.saque_cc_spec" name="ContaCorrente Saque quando o valor do saque é maior que o limite da transação vejo mensagem" file="./spec/bank/saque_cc_spec.rb" time="0.000055"></testcase>
<testcase classname="spec.bank.saque_cc_spec" name="ContaCorrente Saque quando o valor do saque é maior que o limite da transação meu saldo permanece conforme o valor inicial" file="./spec/bank/saque_cc_spec.rb" time="0.000060"></testcase>
<testcase classname="spec.bank.saque_cp_spec" name="ContaPoupanca Saque quando o valor é positivo então atualiza saldo" file="./spec/bank/saque_cp_spec.rb" time="0.000057"></testcase>
<testcase classname="spec.bank.saque_cp_spec" name="ContaPoupanca Saque quando o saldo é zero vejo mensagem" file="./spec/bank/saque_cp_spec.rb" time="0.000053"></testcase>
<testcase classname="spec.bank.saque_cp_spec" name="ContaPoupanca Saque quando o saldo é zero meu saldo permanece" file="./spec/bank/saque_cp_spec.rb" time="0.000051"></testcase>
<testcase classname="spec.bank.saque_cp_spec" name="ContaPoupanca Saque quando o saldo é insuficiente vejo mensagem" file="./spec/bank/saque_cp_spec.rb" time="0.000054"></testcase>
<testcase classname="spec.bank.saque_cp_spec" name="ContaPoupanca Saque quando o saldo é insuficiente meu saldo permanece conforme o valor inicial" file="./spec/bank/saque_cp_spec.rb" time="0.000048"></testcase>
<testcase classname="spec.bank.saque_cp_spec" name="ContaPoupanca Saque quando o valor do saque é maior que o limite da transação vejo mensagem" file="./spec/bank/saque_cp_spec.rb" time="0.000054"></testcase>
<testcase classname="spec.bank.saque_cp_spec" name="ContaPoupanca Saque quando o valor do saque é maior que o limite da transação meu saldo permanece conforme o valor inicial" file="./spec/bank/saque_cp_spec.rb" time="0.000046"></testcase>
<testcase classname="spec.exemplos_spec" name="suite rspec soma de valores" file="./spec/exemplos_spec.rb" time="0.000080"></testcase>
</testsuite>
